<?xml version="1.0" encoding="UTF-8"?>
<testsuite xmlns:xsi="http://www.w3.org/2001/XMLSchema-instance" xsi:noNamespaceSchemaLocation="https://maven.apache.org/surefire/maven-surefire-plugin/xsd/surefire-test-report.xsd" name="library.TestFunctions" time="0.006" tests="5" errors="0" skipped="0" failures="0">
  <properties>
[...]
</properties>
  <testcase name="testAddBook" classname="library.TestFunctions" time="0"/>
  <testcase name="testGetAllBooks" classname="library.TestFunctions" time="0.001"/>
  <testcase name="testUpdateBook" classname="library.TestFunctions" time="0.001"/>
  <testcase name="testDeleteBookNotFound" classname="library.TestFunctions" time="0.002"/>
  <testcase name="testDeleteBook" classname="library.TestFunctions" time="0.001"/>
</testsuite>